<?xml version="1.0" encoding="UTF-8"?>
<!-- Generated by org.testng.reporters.JUnitReportReporter -->
<testsuite hostname="DESKTOP-Ayesha" failures="0" tests="1" name="Sprint_1.LoginPageTest" time="137.978" errors="0" timestamp="2024-07-09T16:41:47 IST" skipped="0">
  <testcase classname="Sprint_1.LoginPageTest" name="LoginButtonTest" time="137.978"/>
</testsuite> <!-- Sprint_1.LoginPageTest -->
