<?xml version="1.0" encoding="UTF-8"?>
<!-- Generated by org.testng.reporters.JUnitReportReporter -->
<testsuite hostname="DESKTOP-Ayesha" failures="0" tests="1" name="Sprint_1.UserUi" time="138.138" errors="0" timestamp="2024-07-18T16:31:31 IST" skipped="0">
  <testcase classname="Sprint_1.UserUi" name="LoginButtonTest" time="138.138"/>
</testsuite> <!-- Sprint_1.UserUi -->
