<?xml version="1.0" encoding="UTF-8"?>
<!-- Generated by org.testng.reporters.JUnitReportReporter -->
<testsuite hostname="DESKTOP-Ayesha" failures="0" tests="1" name="Sprint_2.AdminUi" time="132.873" errors="0" timestamp="2024-08-29T17:37:11 IST" skipped="0">
  <testcase classname="Sprint_2.AdminUi" name="AdminLoginTest" time="132.873"/>
</testsuite> <!-- Sprint_2.AdminUi -->
