<?xml version="1.0" encoding="UTF-8"?>
<!-- Generated by org.testng.reporters.JUnitReportReporter -->
<testsuite hostname="DESKTOP-Ayesha" failures="0" tests="1" name="Sprint_2.AdminUi" time="68.446" errors="0" timestamp="2024-07-16T18:02:49 IST" skipped="0">
  <testcase classname="Sprint_2.AdminUi" name="AdminLoginTest" time="68.446"/>
</testsuite> <!-- Sprint_2.AdminUi -->
