<?xml version="1.0" encoding="UTF-8"?>
<!-- Generated by org.testng.reporters.JUnitReportReporter -->
<testsuite hostname="DESKTOP-Ayesha" failures="0" tests="1" name="Sprint_1.UserUi" time="224.825" errors="0" timestamp="2024-08-29T17:34:24 IST" skipped="0">
  <testcase classname="Sprint_1.UserUi" name="LoginButtonTest" time="224.825"/>
</testsuite> <!-- Sprint_1.UserUi -->
